<?xml version="1.0" encoding="UTF-8"?>
<!-- Generated by org.testng.reporters.JUnitReportReporter -->
<testsuite hostname="JEET" name="com.test.ng.NewTest1" tests="2" failures="0" timestamp="13 Jun 2022 12:29:49 GMT" time="0.031" errors="0">
  <testcase name="f1" time="0.008" classname="com.test.ng.NewTest1"/>
  <testcase name="f" time="0.023" classname="com.test.ng.NewTest1"/>
</testsuite> <!-- com.test.ng.NewTest1 -->
